13:55:34 **** Incremental Build of configuration Debug for project lab_2 ****
make all 
Building target: lab_2
Invoking: MacOS X C++ Linker
g++  -o "lab_2"  ./src/lab2lottery.o ./src/lab_2.o   
Undefined symbols for architecture x86_64:
  "_main", referenced from:
     implicit entry/start for main executable
ld: symbol(s) not found for architecture x86_64
clang: error: linker command failed with exit code 1 (use -v to see invocation)
make: *** [lab_2] Error 1

13:55:35 Build Finished (took 183ms)

