# JRE version: Java(TM) SE Runtime Environment (8.0_73-b02) (build 1.8.0_73-b02)
# Java VM: Java HotSpot(TM) 64-Bit Server VM (25.73-b02 mixed mode bsd-amd64 compressed oops)
Heap:
 garbage-first heap   total 262144K, used 187420K [0x0000000780000000, 0x0000000780100800, 0x00000007c0000000)
  region size 1024K, 86 young (88064K), 5 survivors (5120K)
 Metaspace       used 108638K, capacity 118516K, committed 118864K, reserved 1153024K
  class space    used 12736K, capacity 15678K, committed 15744K, reserved 1048576K
GC Heap History (10 events):
Event: 11405.696 GC heap before
{Heap before GC invocations=242 (full 0):
 garbage-first heap   total 262144K, used 230751K [0x0000000780000000, 0x0000000780100800, 0x00000007c0000000)
  region size 1024K, 127 young (130048K), 4 survivors (4096K)
 Metaspace       used 108567K, capacity 118452K, committed 118864K, reserved 1153024K
  class space    used 12736K, capacity 15678K, committed 15744K, reserved 1048576K
Event: 11405.706 GC heap after
Heap after GC invocations=243 (full 0):
 garbage-first heap   total 262144K, used 105245K [0x0000000780000000, 0x0000000780100800, 0x00000007c0000000)
  region size 1024K, 5 young (5120K), 5 survivors (5120K)
 Metaspace       used 108567K, capacity 118452K, committed 118864K, reserved 1153024K
  class space    used 12736K, capacity 15678K, committed 15744K, reserved 1048576K
}
Event: 11411.726 GC heap before
{Heap before GC invocations=243 (full 0):
 garbage-first heap   total 262144K, used 229149K [0x0000000780000000, 0x0000000780100800, 0x00000007c0000000)
  region size 1024K, 126 young (129024K), 5 survivors (5120K)
 Metaspace       used 108568K, capacity 118452K, committed 118864K, reserved 1153024K
  class space    used 12736K, capacity 15678K, committed 15744K, reserved 1048576K
Event: 11411.736 GC heap after
Heap after GC invocations=244 (full 0):
 garbage-first heap   total 262144K, used 104599K [0x0000000780000000, 0x0000000780100800, 0x00000007c0000000)
  region size 1024K, 4 young (4096K), 4 survivors (4096K)
 Metaspace       used 108568K, capacity 118452K, committed 118864K, reserved 1153024K
  class space    used 12736K, capacity 15678K, committed 15744K, reserved 1048576K
}
Event: 11429.261 GC heap before
{Heap before GC invocations=244 (full 0):
 garbage-first heap   total 262144K, used 230551K [0x0000000780000000, 0x0000000780100800, 0x00000007c0000000)
  region size 1024K, 127 young (130048K), 4 survivors (4096K)
 Metaspace       used 108586K, capacity 118452K, committed 118864K, reserved 1153024K
  class space    used 12736K, capacity 15678K, committed 15744K, reserved 1048576K
Event: 11429.276 GC heap after
Heap after GC invocations=245 (full 0):
 garbage-first heap   total 262144K, used 106823K [0x0000000780000000, 0x0000000780100800, 0x00000007c0000000)
  region size 1024K, 6 young (6144K), 6 survivors (6144K)
 Metaspace       used 108586K, capacity 118452K, committed 118864K, reserved 1153024K
  class space    used 12736K, capacity 15678K, committed 15744K, reserved 1048576K
}
Event: 11437.326 GC heap before
{Heap before GC invocations=245 (full 0):
 garbage-first heap   total 262144K, used 228679K [0x0000000780000000, 0x0000000780100800, 0x00000007c0000000)
  region size 1024K, 125 young (128000K), 6 survivors (6144K)
 Metaspace       used 108592K, capacity 118452K, committed 118864K, reserved 1153024K
  class space    used 12736K, capacity 15678K, committed 15744K, reserved 1048576K
Event: 11437.338 GC heap after
Heap after GC invocations=246 (full 0):
 garbage-first heap   total 262144K, used 105484K [0x0000000780000000, 0x0000000780100800, 0x00000007c0000000)
  region size 1024K, 5 young (5120K), 5 survivors (5120K)
 Metaspace       used 108592K, capacity 118452K, committed 118864K, reserved 1153024K
  class space    used 12736K, capacity 15678K, committed 15744K, reserved 1048576K
}
Event: 11452.919 GC heap before
{Heap before GC invocations=246 (full 0):
 garbage-first heap   total 262144K, used 229388K [0x0000000780000000, 0x0000000780100800, 0x00000007c0000000)
  region size 1024K, 126 young (129024K), 5 survivors (5120K)
 Metaspace       used 108599K, capacity 118452K, committed 118864K, reserved 1153024K
  class space    used 12736K, capacity 15678K, committed 15744K, reserved 1048576K
Event: 11452.929 GC heap after
Heap after GC invocations=247 (full 0):
 garbage-first heap   total 262144K, used 105500K [0x0000000780000000, 0x0000000780100800, 0x00000007c0000000)
  region size 1024K, 5 young (5120K), 5 survivors (5120K)
 Metaspace       used 108599K, capacity 118452K, committed 118864K, reserved 1153024K
  class space    used 12736K, capacity 15678K, committed 15744K, reserved 1048576K
}

